Simulator report for lab3
Mon Oct 11 11:30:04 2021
Quartus II Version 9.1 Build 222 10/21/2009 SJ Web Edition


---------------------
; Table of Contents ;
---------------------
  1. Legal Notice
  2. Simulator Summary
  3. Simulator Settings
  4. Simulation Waveforms
  5. |main|lpm_ram_dq0:inst5|altsyncram:altsyncram_component|altsyncram_o9a1:auto_generated|ALTSYNCRAM
  6. |main|lpm_rom0:inst|altsyncram:altsyncram_component|altsyncram_3751:auto_generated|ALTSYNCRAM
  7. Coverage Summary
  8. Complete 1/0-Value Coverage
  9. Missing 1-Value Coverage
 10. Missing 0-Value Coverage
 11. Simulator INI Usage
 12. Simulator Messages



----------------
; Legal Notice ;
----------------
Copyright (C) 1991-2009 Altera Corporation
Your use of Altera Corporation's design tools, logic functions 
and other software and tools, and its AMPP partner logic 
functions, and any output files from any of the foregoing 
(including device programming or simulation files), and any 
associated documentation or information are expressly subject 
to the terms and conditions of the Altera Program License 
Subscription Agreement, Altera MegaCore Function License 
Agreement, or other applicable license agreement, including, 
without limitation, that your use is for the sole purpose of 
programming logic devices manufactured by Altera and sold by 
Altera or its authorized distributors.  Please refer to the 
applicable agreement for further details.



+--------------------------------------------+
; Simulator Summary                          ;
+-----------------------------+--------------+
; Type                        ; Value        ;
+-----------------------------+--------------+
; Simulation Start Time       ; 0 ps         ;
; Simulation End Time         ; 1.0 us       ;
; Simulation Netlist Size     ; 191 nodes    ;
; Simulation Coverage         ;      41.88 % ;
; Total Number of Transitions ; 1473         ;
; Simulation Breakpoints      ; 0            ;
; Family                      ; Stratix II   ;
+-----------------------------+--------------+


+-------------------------------------------------------------------------------------------------------------------------+
; Simulator Settings                                                                                                      ;
+--------------------------------------------------------------------------------------------+------------+---------------+
; Option                                                                                     ; Setting    ; Default Value ;
+--------------------------------------------------------------------------------------------+------------+---------------+
; Simulation mode                                                                            ; Functional ; Timing        ;
; Start time                                                                                 ; 0 ns       ; 0 ns          ;
; Simulation results format                                                                  ; CVWF       ;               ;
; Vector input source                                                                        ; lab3.vwf   ;               ;
; Add pins automatically to simulation output waveforms                                      ; On         ; On            ;
; Check outputs                                                                              ; Off        ; Off           ;
; Report simulation coverage                                                                 ; On         ; On            ;
; Display complete 1/0 value coverage report                                                 ; On         ; On            ;
; Display missing 1-value coverage report                                                    ; On         ; On            ;
; Display missing 0-value coverage report                                                    ; On         ; On            ;
; Detect setup and hold time violations                                                      ; Off        ; Off           ;
; Detect glitches                                                                            ; Off        ; Off           ;
; Disable timing delays in Timing Simulation                                                 ; Off        ; Off           ;
; Generate Signal Activity File                                                              ; Off        ; Off           ;
; Generate VCD File for PowerPlay Power Analyzer                                             ; Off        ; Off           ;
; Group bus channels in simulation results                                                   ; Off        ; Off           ;
; Preserve fewer signal transitions to reduce memory requirements                            ; On         ; On            ;
; Trigger vector comparison with the specified mode                                          ; INPUT_EDGE ; INPUT_EDGE    ;
; Disable setup and hold time violations detection in input registers of bi-directional pins ; Off        ; Off           ;
; Overwrite Waveform Inputs With Simulation Outputs                                          ; Off        ;               ;
; Perform Glitch Filtering in Timing Simulation                                              ; Auto       ; Auto          ;
+--------------------------------------------------------------------------------------------+------------+---------------+


+----------------------+
; Simulation Waveforms ;
+----------------------+
Waveform report data cannot be output to ASCII.
Please use Quartus II to view the waveform report data.


+---------------------------------------------------------------------------------------------------+
; |main|lpm_ram_dq0:inst5|altsyncram:altsyncram_component|altsyncram_o9a1:auto_generated|ALTSYNCRAM ;
+---------------------------------------------------------------------------------------------------+
Please refer to fitter text-based report (*.fit.rpt) to view logical memory report content in ASCII.


+-----------------------------------------------------------------------------------------------+
; |main|lpm_rom0:inst|altsyncram:altsyncram_component|altsyncram_3751:auto_generated|ALTSYNCRAM ;
+-----------------------------------------------------------------------------------------------+
Please refer to fitter text-based report (*.fit.rpt) to view logical memory report content in ASCII.


+--------------------------------------------------------------------+
; Coverage Summary                                                   ;
+-----------------------------------------------------+--------------+
; Type                                                ; Value        ;
+-----------------------------------------------------+--------------+
; Total coverage as a percentage                      ;      41.88 % ;
; Total nodes checked                                 ; 191          ;
; Total output ports checked                          ; 191          ;
; Total output ports with complete 1/0-value coverage ; 80           ;
; Total output ports with no 1/0-value coverage       ; 19           ;
; Total output ports with no 1-value coverage         ; 91           ;
; Total output ports with no 0-value coverage         ; 39           ;
+-----------------------------------------------------+--------------+


The following table displays output ports that toggle between 1 and 0 during simulation.
+------------------------------------------------------------------------------------------------------------------------------------------------------------------------------------------------------------------------+
; Complete 1/0-Value Coverage                                                                                                                                                                                            ;
+-----------------------------------------------------------------------------------------------------+-----------------------------------------------------------------------------------------------+------------------+
; Node Name                                                                                           ; Output Port Name                                                                              ; Output Port Type ;
+-----------------------------------------------------------------------------------------------------+-----------------------------------------------------------------------------------------------+------------------+
; |main|buff_out[2]                                                                                   ; |main|buff_out[2]                                                                             ; pin_out          ;
; |main|buff_out[1]                                                                                   ; |main|buff_out[1]                                                                             ; pin_out          ;
; |main|buff_out[0]                                                                                   ; |main|buff_out[0]                                                                             ; pin_out          ;
; |main|clk_in                                                                                        ; |main|clk_in                                                                                  ; out              ;
; |main|inst14                                                                                        ; |main|inst14                                                                                  ; out0             ;
; |main|read                                                                                          ; |main|read                                                                                    ; out              ;
; |main|write                                                                                         ; |main|write                                                                                   ; out              ;
; |main|gdfx_temp0[2]                                                                                 ; |main|gdfx_temp0[2]                                                                           ; out0             ;
; |main|gdfx_temp0[1]                                                                                 ; |main|gdfx_temp0[1]                                                                           ; out0             ;
; |main|gdfx_temp0[0]                                                                                 ; |main|gdfx_temp0[0]                                                                           ; out0             ;
; |main|inst6                                                                                         ; |main|inst6                                                                                   ; out0             ;
; |main|ROM_RAM                                                                                       ; |main|ROM_RAM                                                                                 ; out              ;
; |main|clk_out                                                                                       ; |main|clk_out                                                                                 ; out              ;
; |main|address[3]                                                                                    ; |main|address[3]                                                                              ; out              ;
; |main|address[2]                                                                                    ; |main|address[2]                                                                              ; out              ;
; |main|address[1]                                                                                    ; |main|address[1]                                                                              ; out              ;
; |main|address[0]                                                                                    ; |main|address[0]                                                                              ; out              ;
; |main|inst7                                                                                         ; |main|inst7                                                                                   ; out0             ;
; |main|buff_out1[2]                                                                                  ; |main|buff_out1[2]                                                                            ; pin_out          ;
; |main|buff_out1[1]                                                                                  ; |main|buff_out1[1]                                                                            ; pin_out          ;
; |main|buff_out1[0]                                                                                  ; |main|buff_out1[0]                                                                            ; pin_out          ;
; |main|buff_out2[2]                                                                                  ; |main|buff_out2[2]                                                                            ; pin_out          ;
; |main|buff_out2[1]                                                                                  ; |main|buff_out2[1]                                                                            ; pin_out          ;
; |main|buff_out2[0]                                                                                  ; |main|buff_out2[0]                                                                            ; pin_out          ;
; |main|buff_out3[2]                                                                                  ; |main|buff_out3[2]                                                                            ; pin_out          ;
; |main|buff_out3[1]                                                                                  ; |main|buff_out3[1]                                                                            ; pin_out          ;
; |main|buff_out3[0]                                                                                  ; |main|buff_out3[0]                                                                            ; pin_out          ;
; |main|buff_out4[2]                                                                                  ; |main|buff_out4[2]                                                                            ; pin_out          ;
; |main|buff_out4[1]                                                                                  ; |main|buff_out4[1]                                                                            ; pin_out          ;
; |main|buff_out4[0]                                                                                  ; |main|buff_out4[0]                                                                            ; pin_out          ;
; |main|buff_out5[2]                                                                                  ; |main|buff_out5[2]                                                                            ; pin_out          ;
; |main|buff_out5[1]                                                                                  ; |main|buff_out5[1]                                                                            ; pin_out          ;
; |main|buff_out5[0]                                                                                  ; |main|buff_out5[0]                                                                            ; pin_out          ;
; |main|bus[2]                                                                                        ; |main|bus[2]                                                                                  ; pin_out          ;
; |main|bus[1]                                                                                        ; |main|bus[1]                                                                                  ; pin_out          ;
; |main|bus[0]                                                                                        ; |main|bus[0]                                                                                  ; pin_out          ;
; |main|ram_out[2]                                                                                    ; |main|ram_out[2]                                                                              ; pin_out          ;
; |main|ram_out[1]                                                                                    ; |main|ram_out[1]                                                                              ; pin_out          ;
; |main|ram_out[0]                                                                                    ; |main|ram_out[0]                                                                              ; pin_out          ;
; |main|rom_out[3]                                                                                    ; |main|rom_out[3]                                                                              ; pin_out          ;
; |main|rom_out[2]                                                                                    ; |main|rom_out[2]                                                                              ; pin_out          ;
; |main|rom_out[1]                                                                                    ; |main|rom_out[1]                                                                              ; pin_out          ;
; |main|rom_out[0]                                                                                    ; |main|rom_out[0]                                                                              ; pin_out          ;
; |main|lpm_ram_dq0:inst5|altsyncram:altsyncram_component|altsyncram_o9a1:auto_generated|ram_block1a0 ; |main|lpm_ram_dq0:inst5|altsyncram:altsyncram_component|altsyncram_o9a1:auto_generated|q_a[0] ; portadataout0    ;
; |main|lpm_ram_dq0:inst5|altsyncram:altsyncram_component|altsyncram_o9a1:auto_generated|ram_block1a1 ; |main|lpm_ram_dq0:inst5|altsyncram:altsyncram_component|altsyncram_o9a1:auto_generated|q_a[1] ; portadataout0    ;
; |main|lpm_ram_dq0:inst5|altsyncram:altsyncram_component|altsyncram_o9a1:auto_generated|ram_block1a2 ; |main|lpm_ram_dq0:inst5|altsyncram:altsyncram_component|altsyncram_o9a1:auto_generated|q_a[2] ; portadataout0    ;
; |main|lpm_bustri0:inst12|lpm_bustri:lpm_bustri_component|dout[2]                                    ; |main|lpm_bustri0:inst12|lpm_bustri:lpm_bustri_component|dout[2]                              ; out              ;
; |main|lpm_bustri0:inst12|lpm_bustri:lpm_bustri_component|dout[1]                                    ; |main|lpm_bustri0:inst12|lpm_bustri:lpm_bustri_component|dout[1]                              ; out              ;
; |main|lpm_bustri0:inst12|lpm_bustri:lpm_bustri_component|dout[0]                                    ; |main|lpm_bustri0:inst12|lpm_bustri:lpm_bustri_component|dout[0]                              ; out              ;
; |main|lpm_bustri0:inst11|lpm_bustri:lpm_bustri_component|dout[2]                                    ; |main|lpm_bustri0:inst11|lpm_bustri:lpm_bustri_component|dout[2]                              ; out              ;
; |main|lpm_bustri0:inst11|lpm_bustri:lpm_bustri_component|dout[1]                                    ; |main|lpm_bustri0:inst11|lpm_bustri:lpm_bustri_component|dout[1]                              ; out              ;
; |main|lpm_bustri0:inst11|lpm_bustri:lpm_bustri_component|dout[0]                                    ; |main|lpm_bustri0:inst11|lpm_bustri:lpm_bustri_component|dout[0]                              ; out              ;
; |main|lpm_rom0:inst|altsyncram:altsyncram_component|altsyncram_3751:auto_generated|ram_block1a0     ; |main|lpm_rom0:inst|altsyncram:altsyncram_component|altsyncram_3751:auto_generated|q_a[0]     ; portadataout0    ;
; |main|lpm_rom0:inst|altsyncram:altsyncram_component|altsyncram_3751:auto_generated|ram_block1a1     ; |main|lpm_rom0:inst|altsyncram:altsyncram_component|altsyncram_3751:auto_generated|q_a[1]     ; portadataout0    ;
; |main|lpm_rom0:inst|altsyncram:altsyncram_component|altsyncram_3751:auto_generated|ram_block1a2     ; |main|lpm_rom0:inst|altsyncram:altsyncram_component|altsyncram_3751:auto_generated|q_a[2]     ; portadataout0    ;
; |main|lpm_rom0:inst|altsyncram:altsyncram_component|altsyncram_3751:auto_generated|ram_block1a3     ; |main|lpm_rom0:inst|altsyncram:altsyncram_component|altsyncram_3751:auto_generated|q_a[3]     ; portadataout0    ;
; |main|lpm_bustri0:inst15|lpm_bustri:lpm_bustri_component|dout[2]                                    ; |main|lpm_bustri0:inst15|lpm_bustri:lpm_bustri_component|dout[2]                              ; out              ;
; |main|lpm_bustri0:inst15|lpm_bustri:lpm_bustri_component|dout[1]                                    ; |main|lpm_bustri0:inst15|lpm_bustri:lpm_bustri_component|dout[1]                              ; out              ;
; |main|lpm_bustri0:inst15|lpm_bustri:lpm_bustri_component|dout[0]                                    ; |main|lpm_bustri0:inst15|lpm_bustri:lpm_bustri_component|dout[0]                              ; out              ;
; |main|buffer:inst21|lpm_bustri0:inst8|lpm_bustri:lpm_bustri_component|dout[2]                       ; |main|buffer:inst21|lpm_bustri0:inst8|lpm_bustri:lpm_bustri_component|dout[2]                 ; out              ;
; |main|buffer:inst21|lpm_bustri0:inst8|lpm_bustri:lpm_bustri_component|dout[1]                       ; |main|buffer:inst21|lpm_bustri0:inst8|lpm_bustri:lpm_bustri_component|dout[1]                 ; out              ;
; |main|buffer:inst21|lpm_bustri0:inst8|lpm_bustri:lpm_bustri_component|dout[0]                       ; |main|buffer:inst21|lpm_bustri0:inst8|lpm_bustri:lpm_bustri_component|dout[0]                 ; out              ;
; |main|buffer:inst21|lpm_dff0:inst|lpm_ff:lpm_ff_component|dffs[2]                                   ; |main|buffer:inst21|lpm_dff0:inst|lpm_ff:lpm_ff_component|dffs[2]                             ; regout           ;
; |main|buffer:inst21|lpm_dff0:inst|lpm_ff:lpm_ff_component|dffs[1]                                   ; |main|buffer:inst21|lpm_dff0:inst|lpm_ff:lpm_ff_component|dffs[1]                             ; regout           ;
; |main|buffer:inst21|lpm_dff0:inst|lpm_ff:lpm_ff_component|dffs[0]                                   ; |main|buffer:inst21|lpm_dff0:inst|lpm_ff:lpm_ff_component|dffs[0]                             ; regout           ;
; |main|buffer:inst21|lpm_dff0:inst1|lpm_ff:lpm_ff_component|dffs[2]                                  ; |main|buffer:inst21|lpm_dff0:inst1|lpm_ff:lpm_ff_component|dffs[2]                            ; regout           ;
; |main|buffer:inst21|lpm_dff0:inst1|lpm_ff:lpm_ff_component|dffs[1]                                  ; |main|buffer:inst21|lpm_dff0:inst1|lpm_ff:lpm_ff_component|dffs[1]                            ; regout           ;
; |main|buffer:inst21|lpm_dff0:inst1|lpm_ff:lpm_ff_component|dffs[0]                                  ; |main|buffer:inst21|lpm_dff0:inst1|lpm_ff:lpm_ff_component|dffs[0]                            ; regout           ;
; |main|buffer:inst21|lpm_dff0:inst2|lpm_ff:lpm_ff_component|dffs[2]                                  ; |main|buffer:inst21|lpm_dff0:inst2|lpm_ff:lpm_ff_component|dffs[2]                            ; regout           ;
; |main|buffer:inst21|lpm_dff0:inst2|lpm_ff:lpm_ff_component|dffs[1]                                  ; |main|buffer:inst21|lpm_dff0:inst2|lpm_ff:lpm_ff_component|dffs[1]                            ; regout           ;
; |main|buffer:inst21|lpm_dff0:inst2|lpm_ff:lpm_ff_component|dffs[0]                                  ; |main|buffer:inst21|lpm_dff0:inst2|lpm_ff:lpm_ff_component|dffs[0]                            ; regout           ;
; |main|buffer:inst21|lpm_dff0:inst3|lpm_ff:lpm_ff_component|dffs[2]                                  ; |main|buffer:inst21|lpm_dff0:inst3|lpm_ff:lpm_ff_component|dffs[2]                            ; regout           ;
; |main|buffer:inst21|lpm_dff0:inst3|lpm_ff:lpm_ff_component|dffs[1]                                  ; |main|buffer:inst21|lpm_dff0:inst3|lpm_ff:lpm_ff_component|dffs[1]                            ; regout           ;
; |main|buffer:inst21|lpm_dff0:inst3|lpm_ff:lpm_ff_component|dffs[0]                                  ; |main|buffer:inst21|lpm_dff0:inst3|lpm_ff:lpm_ff_component|dffs[0]                            ; regout           ;
; |main|buffer:inst21|lpm_dff0:inst4|lpm_ff:lpm_ff_component|dffs[2]                                  ; |main|buffer:inst21|lpm_dff0:inst4|lpm_ff:lpm_ff_component|dffs[2]                            ; regout           ;
; |main|buffer:inst21|lpm_dff0:inst4|lpm_ff:lpm_ff_component|dffs[1]                                  ; |main|buffer:inst21|lpm_dff0:inst4|lpm_ff:lpm_ff_component|dffs[1]                            ; regout           ;
; |main|buffer:inst21|lpm_dff0:inst4|lpm_ff:lpm_ff_component|dffs[0]                                  ; |main|buffer:inst21|lpm_dff0:inst4|lpm_ff:lpm_ff_component|dffs[0]                            ; regout           ;
; |main|buffer:inst21|lpm_dff0:inst5|lpm_ff:lpm_ff_component|dffs[2]                                  ; |main|buffer:inst21|lpm_dff0:inst5|lpm_ff:lpm_ff_component|dffs[2]                            ; regout           ;
; |main|buffer:inst21|lpm_dff0:inst5|lpm_ff:lpm_ff_component|dffs[1]                                  ; |main|buffer:inst21|lpm_dff0:inst5|lpm_ff:lpm_ff_component|dffs[1]                            ; regout           ;
; |main|buffer:inst21|lpm_dff0:inst5|lpm_ff:lpm_ff_component|dffs[0]                                  ; |main|buffer:inst21|lpm_dff0:inst5|lpm_ff:lpm_ff_component|dffs[0]                            ; regout           ;
+-----------------------------------------------------------------------------------------------------+-----------------------------------------------------------------------------------------------+------------------+


The following table displays output ports that do not toggle to 1 during simulation.
+------------------------------------------------------------------------------------------------------------------------------------------------------------------------------------------------------------------------+
; Missing 1-Value Coverage                                                                                                                                                                                               ;
+-----------------------------------------------------------------------------------------------------+-----------------------------------------------------------------------------------------------+------------------+
; Node Name                                                                                           ; Output Port Name                                                                              ; Output Port Type ;
+-----------------------------------------------------------------------------------------------------+-----------------------------------------------------------------------------------------------+------------------+
; |main|buff_out[7]                                                                                   ; |main|buff_out[7]                                                                             ; pin_out          ;
; |main|buff_out[6]                                                                                   ; |main|buff_out[6]                                                                             ; pin_out          ;
; |main|buff_out[5]                                                                                   ; |main|buff_out[5]                                                                             ; pin_out          ;
; |main|buff_out[4]                                                                                   ; |main|buff_out[4]                                                                             ; pin_out          ;
; |main|gdfx_temp0[7]                                                                                 ; |main|gdfx_temp0[7]                                                                           ; out0             ;
; |main|gdfx_temp0[6]                                                                                 ; |main|gdfx_temp0[6]                                                                           ; out0             ;
; |main|gdfx_temp0[5]                                                                                 ; |main|gdfx_temp0[5]                                                                           ; out0             ;
; |main|gdfx_temp0[4]                                                                                 ; |main|gdfx_temp0[4]                                                                           ; out0             ;
; |main|address[6]                                                                                    ; |main|address[6]                                                                              ; out              ;
; |main|address[5]                                                                                    ; |main|address[5]                                                                              ; out              ;
; |main|address[4]                                                                                    ; |main|address[4]                                                                              ; out              ;
; |main|buff_out1[7]                                                                                  ; |main|buff_out1[7]                                                                            ; pin_out          ;
; |main|buff_out1[6]                                                                                  ; |main|buff_out1[6]                                                                            ; pin_out          ;
; |main|buff_out1[5]                                                                                  ; |main|buff_out1[5]                                                                            ; pin_out          ;
; |main|buff_out1[4]                                                                                  ; |main|buff_out1[4]                                                                            ; pin_out          ;
; |main|buff_out2[7]                                                                                  ; |main|buff_out2[7]                                                                            ; pin_out          ;
; |main|buff_out2[6]                                                                                  ; |main|buff_out2[6]                                                                            ; pin_out          ;
; |main|buff_out2[5]                                                                                  ; |main|buff_out2[5]                                                                            ; pin_out          ;
; |main|buff_out2[4]                                                                                  ; |main|buff_out2[4]                                                                            ; pin_out          ;
; |main|buff_out3[7]                                                                                  ; |main|buff_out3[7]                                                                            ; pin_out          ;
; |main|buff_out3[6]                                                                                  ; |main|buff_out3[6]                                                                            ; pin_out          ;
; |main|buff_out3[5]                                                                                  ; |main|buff_out3[5]                                                                            ; pin_out          ;
; |main|buff_out3[4]                                                                                  ; |main|buff_out3[4]                                                                            ; pin_out          ;
; |main|buff_out4[7]                                                                                  ; |main|buff_out4[7]                                                                            ; pin_out          ;
; |main|buff_out4[6]                                                                                  ; |main|buff_out4[6]                                                                            ; pin_out          ;
; |main|buff_out4[5]                                                                                  ; |main|buff_out4[5]                                                                            ; pin_out          ;
; |main|buff_out4[4]                                                                                  ; |main|buff_out4[4]                                                                            ; pin_out          ;
; |main|buff_out5[7]                                                                                  ; |main|buff_out5[7]                                                                            ; pin_out          ;
; |main|buff_out5[6]                                                                                  ; |main|buff_out5[6]                                                                            ; pin_out          ;
; |main|buff_out5[5]                                                                                  ; |main|buff_out5[5]                                                                            ; pin_out          ;
; |main|buff_out5[4]                                                                                  ; |main|buff_out5[4]                                                                            ; pin_out          ;
; |main|bus[7]                                                                                        ; |main|bus[7]                                                                                  ; pin_out          ;
; |main|bus[6]                                                                                        ; |main|bus[6]                                                                                  ; pin_out          ;
; |main|bus[5]                                                                                        ; |main|bus[5]                                                                                  ; pin_out          ;
; |main|bus[4]                                                                                        ; |main|bus[4]                                                                                  ; pin_out          ;
; |main|ram_out[7]                                                                                    ; |main|ram_out[7]                                                                              ; pin_out          ;
; |main|ram_out[6]                                                                                    ; |main|ram_out[6]                                                                              ; pin_out          ;
; |main|ram_out[5]                                                                                    ; |main|ram_out[5]                                                                              ; pin_out          ;
; |main|ram_out[4]                                                                                    ; |main|ram_out[4]                                                                              ; pin_out          ;
; |main|rom_out[7]                                                                                    ; |main|rom_out[7]                                                                              ; pin_out          ;
; |main|rom_out[6]                                                                                    ; |main|rom_out[6]                                                                              ; pin_out          ;
; |main|rom_out[5]                                                                                    ; |main|rom_out[5]                                                                              ; pin_out          ;
; |main|rom_out[4]                                                                                    ; |main|rom_out[4]                                                                              ; pin_out          ;
; |main|lpm_ram_dq0:inst5|altsyncram:altsyncram_component|altsyncram_o9a1:auto_generated|ram_block1a4 ; |main|lpm_ram_dq0:inst5|altsyncram:altsyncram_component|altsyncram_o9a1:auto_generated|q_a[4] ; portadataout0    ;
; |main|lpm_ram_dq0:inst5|altsyncram:altsyncram_component|altsyncram_o9a1:auto_generated|ram_block1a5 ; |main|lpm_ram_dq0:inst5|altsyncram:altsyncram_component|altsyncram_o9a1:auto_generated|q_a[5] ; portadataout0    ;
; |main|lpm_ram_dq0:inst5|altsyncram:altsyncram_component|altsyncram_o9a1:auto_generated|ram_block1a6 ; |main|lpm_ram_dq0:inst5|altsyncram:altsyncram_component|altsyncram_o9a1:auto_generated|q_a[6] ; portadataout0    ;
; |main|lpm_ram_dq0:inst5|altsyncram:altsyncram_component|altsyncram_o9a1:auto_generated|ram_block1a7 ; |main|lpm_ram_dq0:inst5|altsyncram:altsyncram_component|altsyncram_o9a1:auto_generated|q_a[7] ; portadataout0    ;
; |main|lpm_bustri0:inst12|lpm_bustri:lpm_bustri_component|dout[7]                                    ; |main|lpm_bustri0:inst12|lpm_bustri:lpm_bustri_component|dout[7]                              ; out              ;
; |main|lpm_bustri0:inst12|lpm_bustri:lpm_bustri_component|dout[6]                                    ; |main|lpm_bustri0:inst12|lpm_bustri:lpm_bustri_component|dout[6]                              ; out              ;
; |main|lpm_bustri0:inst12|lpm_bustri:lpm_bustri_component|dout[5]                                    ; |main|lpm_bustri0:inst12|lpm_bustri:lpm_bustri_component|dout[5]                              ; out              ;
; |main|lpm_bustri0:inst12|lpm_bustri:lpm_bustri_component|dout[4]                                    ; |main|lpm_bustri0:inst12|lpm_bustri:lpm_bustri_component|dout[4]                              ; out              ;
; |main|lpm_bustri0:inst11|lpm_bustri:lpm_bustri_component|dout[7]                                    ; |main|lpm_bustri0:inst11|lpm_bustri:lpm_bustri_component|dout[7]                              ; out              ;
; |main|lpm_bustri0:inst11|lpm_bustri:lpm_bustri_component|dout[6]                                    ; |main|lpm_bustri0:inst11|lpm_bustri:lpm_bustri_component|dout[6]                              ; out              ;
; |main|lpm_bustri0:inst11|lpm_bustri:lpm_bustri_component|dout[5]                                    ; |main|lpm_bustri0:inst11|lpm_bustri:lpm_bustri_component|dout[5]                              ; out              ;
; |main|lpm_bustri0:inst11|lpm_bustri:lpm_bustri_component|dout[4]                                    ; |main|lpm_bustri0:inst11|lpm_bustri:lpm_bustri_component|dout[4]                              ; out              ;
; |main|lpm_rom0:inst|altsyncram:altsyncram_component|altsyncram_3751:auto_generated|ram_block1a4     ; |main|lpm_rom0:inst|altsyncram:altsyncram_component|altsyncram_3751:auto_generated|q_a[4]     ; portadataout0    ;
; |main|lpm_rom0:inst|altsyncram:altsyncram_component|altsyncram_3751:auto_generated|ram_block1a5     ; |main|lpm_rom0:inst|altsyncram:altsyncram_component|altsyncram_3751:auto_generated|q_a[5]     ; portadataout0    ;
; |main|lpm_rom0:inst|altsyncram:altsyncram_component|altsyncram_3751:auto_generated|ram_block1a6     ; |main|lpm_rom0:inst|altsyncram:altsyncram_component|altsyncram_3751:auto_generated|q_a[6]     ; portadataout0    ;
; |main|lpm_rom0:inst|altsyncram:altsyncram_component|altsyncram_3751:auto_generated|ram_block1a7     ; |main|lpm_rom0:inst|altsyncram:altsyncram_component|altsyncram_3751:auto_generated|q_a[7]     ; portadataout0    ;
; |main|lpm_bustri0:inst15|lpm_bustri:lpm_bustri_component|dout[7]                                    ; |main|lpm_bustri0:inst15|lpm_bustri:lpm_bustri_component|dout[7]                              ; out              ;
; |main|lpm_bustri0:inst15|lpm_bustri:lpm_bustri_component|dout[6]                                    ; |main|lpm_bustri0:inst15|lpm_bustri:lpm_bustri_component|dout[6]                              ; out              ;
; |main|lpm_bustri0:inst15|lpm_bustri:lpm_bustri_component|dout[5]                                    ; |main|lpm_bustri0:inst15|lpm_bustri:lpm_bustri_component|dout[5]                              ; out              ;
; |main|lpm_bustri0:inst15|lpm_bustri:lpm_bustri_component|dout[4]                                    ; |main|lpm_bustri0:inst15|lpm_bustri:lpm_bustri_component|dout[4]                              ; out              ;
; |main|buffer:inst21|lpm_bustri0:inst8|lpm_bustri:lpm_bustri_component|dout[7]                       ; |main|buffer:inst21|lpm_bustri0:inst8|lpm_bustri:lpm_bustri_component|dout[7]                 ; out              ;
; |main|buffer:inst21|lpm_bustri0:inst8|lpm_bustri:lpm_bustri_component|dout[6]                       ; |main|buffer:inst21|lpm_bustri0:inst8|lpm_bustri:lpm_bustri_component|dout[6]                 ; out              ;
; |main|buffer:inst21|lpm_bustri0:inst8|lpm_bustri:lpm_bustri_component|dout[5]                       ; |main|buffer:inst21|lpm_bustri0:inst8|lpm_bustri:lpm_bustri_component|dout[5]                 ; out              ;
; |main|buffer:inst21|lpm_bustri0:inst8|lpm_bustri:lpm_bustri_component|dout[4]                       ; |main|buffer:inst21|lpm_bustri0:inst8|lpm_bustri:lpm_bustri_component|dout[4]                 ; out              ;
; |main|buffer:inst21|lpm_dff0:inst|lpm_ff:lpm_ff_component|dffs[7]                                   ; |main|buffer:inst21|lpm_dff0:inst|lpm_ff:lpm_ff_component|dffs[7]                             ; regout           ;
; |main|buffer:inst21|lpm_dff0:inst|lpm_ff:lpm_ff_component|dffs[6]                                   ; |main|buffer:inst21|lpm_dff0:inst|lpm_ff:lpm_ff_component|dffs[6]                             ; regout           ;
; |main|buffer:inst21|lpm_dff0:inst|lpm_ff:lpm_ff_component|dffs[5]                                   ; |main|buffer:inst21|lpm_dff0:inst|lpm_ff:lpm_ff_component|dffs[5]                             ; regout           ;
; |main|buffer:inst21|lpm_dff0:inst|lpm_ff:lpm_ff_component|dffs[4]                                   ; |main|buffer:inst21|lpm_dff0:inst|lpm_ff:lpm_ff_component|dffs[4]                             ; regout           ;
; |main|buffer:inst21|lpm_dff0:inst1|lpm_ff:lpm_ff_component|dffs[7]                                  ; |main|buffer:inst21|lpm_dff0:inst1|lpm_ff:lpm_ff_component|dffs[7]                            ; regout           ;
; |main|buffer:inst21|lpm_dff0:inst1|lpm_ff:lpm_ff_component|dffs[6]                                  ; |main|buffer:inst21|lpm_dff0:inst1|lpm_ff:lpm_ff_component|dffs[6]                            ; regout           ;
; |main|buffer:inst21|lpm_dff0:inst1|lpm_ff:lpm_ff_component|dffs[5]                                  ; |main|buffer:inst21|lpm_dff0:inst1|lpm_ff:lpm_ff_component|dffs[5]                            ; regout           ;
; |main|buffer:inst21|lpm_dff0:inst1|lpm_ff:lpm_ff_component|dffs[4]                                  ; |main|buffer:inst21|lpm_dff0:inst1|lpm_ff:lpm_ff_component|dffs[4]                            ; regout           ;
; |main|buffer:inst21|lpm_dff0:inst2|lpm_ff:lpm_ff_component|dffs[7]                                  ; |main|buffer:inst21|lpm_dff0:inst2|lpm_ff:lpm_ff_component|dffs[7]                            ; regout           ;
; |main|buffer:inst21|lpm_dff0:inst2|lpm_ff:lpm_ff_component|dffs[6]                                  ; |main|buffer:inst21|lpm_dff0:inst2|lpm_ff:lpm_ff_component|dffs[6]                            ; regout           ;
; |main|buffer:inst21|lpm_dff0:inst2|lpm_ff:lpm_ff_component|dffs[5]                                  ; |main|buffer:inst21|lpm_dff0:inst2|lpm_ff:lpm_ff_component|dffs[5]                            ; regout           ;
; |main|buffer:inst21|lpm_dff0:inst2|lpm_ff:lpm_ff_component|dffs[4]                                  ; |main|buffer:inst21|lpm_dff0:inst2|lpm_ff:lpm_ff_component|dffs[4]                            ; regout           ;
; |main|buffer:inst21|lpm_dff0:inst3|lpm_ff:lpm_ff_component|dffs[7]                                  ; |main|buffer:inst21|lpm_dff0:inst3|lpm_ff:lpm_ff_component|dffs[7]                            ; regout           ;
; |main|buffer:inst21|lpm_dff0:inst3|lpm_ff:lpm_ff_component|dffs[6]                                  ; |main|buffer:inst21|lpm_dff0:inst3|lpm_ff:lpm_ff_component|dffs[6]                            ; regout           ;
; |main|buffer:inst21|lpm_dff0:inst3|lpm_ff:lpm_ff_component|dffs[5]                                  ; |main|buffer:inst21|lpm_dff0:inst3|lpm_ff:lpm_ff_component|dffs[5]                            ; regout           ;
; |main|buffer:inst21|lpm_dff0:inst3|lpm_ff:lpm_ff_component|dffs[4]                                  ; |main|buffer:inst21|lpm_dff0:inst3|lpm_ff:lpm_ff_component|dffs[4]                            ; regout           ;
; |main|buffer:inst21|lpm_dff0:inst4|lpm_ff:lpm_ff_component|dffs[7]                                  ; |main|buffer:inst21|lpm_dff0:inst4|lpm_ff:lpm_ff_component|dffs[7]                            ; regout           ;
; |main|buffer:inst21|lpm_dff0:inst4|lpm_ff:lpm_ff_component|dffs[6]                                  ; |main|buffer:inst21|lpm_dff0:inst4|lpm_ff:lpm_ff_component|dffs[6]                            ; regout           ;
; |main|buffer:inst21|lpm_dff0:inst4|lpm_ff:lpm_ff_component|dffs[5]                                  ; |main|buffer:inst21|lpm_dff0:inst4|lpm_ff:lpm_ff_component|dffs[5]                            ; regout           ;
; |main|buffer:inst21|lpm_dff0:inst4|lpm_ff:lpm_ff_component|dffs[4]                                  ; |main|buffer:inst21|lpm_dff0:inst4|lpm_ff:lpm_ff_component|dffs[4]                            ; regout           ;
; |main|buffer:inst21|lpm_dff0:inst5|lpm_ff:lpm_ff_component|dffs[7]                                  ; |main|buffer:inst21|lpm_dff0:inst5|lpm_ff:lpm_ff_component|dffs[7]                            ; regout           ;
; |main|buffer:inst21|lpm_dff0:inst5|lpm_ff:lpm_ff_component|dffs[6]                                  ; |main|buffer:inst21|lpm_dff0:inst5|lpm_ff:lpm_ff_component|dffs[6]                            ; regout           ;
; |main|buffer:inst21|lpm_dff0:inst5|lpm_ff:lpm_ff_component|dffs[5]                                  ; |main|buffer:inst21|lpm_dff0:inst5|lpm_ff:lpm_ff_component|dffs[5]                            ; regout           ;
; |main|buffer:inst21|lpm_dff0:inst5|lpm_ff:lpm_ff_component|dffs[4]                                  ; |main|buffer:inst21|lpm_dff0:inst5|lpm_ff:lpm_ff_component|dffs[4]                            ; regout           ;
+-----------------------------------------------------------------------------------------------------+-----------------------------------------------------------------------------------------------+------------------+


The following table displays output ports that do not toggle to 0 during simulation.
+------------------------------------------------------------------------------------------------------------------------------------------------------------------------------------------------------------------------+
; Missing 0-Value Coverage                                                                                                                                                                                               ;
+-----------------------------------------------------------------------------------------------------+-----------------------------------------------------------------------------------------------+------------------+
; Node Name                                                                                           ; Output Port Name                                                                              ; Output Port Type ;
+-----------------------------------------------------------------------------------------------------+-----------------------------------------------------------------------------------------------+------------------+
; |main|buff_out[3]                                                                                   ; |main|buff_out[3]                                                                             ; pin_out          ;
; |main|gdfx_temp0[3]                                                                                 ; |main|gdfx_temp0[3]                                                                           ; out0             ;
; |main|address[6]                                                                                    ; |main|address[6]                                                                              ; out              ;
; |main|address[5]                                                                                    ; |main|address[5]                                                                              ; out              ;
; |main|address[4]                                                                                    ; |main|address[4]                                                                              ; out              ;
; |main|buff_out1[3]                                                                                  ; |main|buff_out1[3]                                                                            ; pin_out          ;
; |main|buff_out2[3]                                                                                  ; |main|buff_out2[3]                                                                            ; pin_out          ;
; |main|buff_out3[3]                                                                                  ; |main|buff_out3[3]                                                                            ; pin_out          ;
; |main|buff_out4[3]                                                                                  ; |main|buff_out4[3]                                                                            ; pin_out          ;
; |main|buff_out5[3]                                                                                  ; |main|buff_out5[3]                                                                            ; pin_out          ;
; |main|bus[3]                                                                                        ; |main|bus[3]                                                                                  ; pin_out          ;
; |main|ram_out[7]                                                                                    ; |main|ram_out[7]                                                                              ; pin_out          ;
; |main|ram_out[6]                                                                                    ; |main|ram_out[6]                                                                              ; pin_out          ;
; |main|ram_out[5]                                                                                    ; |main|ram_out[5]                                                                              ; pin_out          ;
; |main|ram_out[4]                                                                                    ; |main|ram_out[4]                                                                              ; pin_out          ;
; |main|ram_out[3]                                                                                    ; |main|ram_out[3]                                                                              ; pin_out          ;
; |main|rom_out[7]                                                                                    ; |main|rom_out[7]                                                                              ; pin_out          ;
; |main|rom_out[6]                                                                                    ; |main|rom_out[6]                                                                              ; pin_out          ;
; |main|rom_out[5]                                                                                    ; |main|rom_out[5]                                                                              ; pin_out          ;
; |main|rom_out[4]                                                                                    ; |main|rom_out[4]                                                                              ; pin_out          ;
; |main|lpm_ram_dq0:inst5|altsyncram:altsyncram_component|altsyncram_o9a1:auto_generated|ram_block1a3 ; |main|lpm_ram_dq0:inst5|altsyncram:altsyncram_component|altsyncram_o9a1:auto_generated|q_a[3] ; portadataout0    ;
; |main|lpm_ram_dq0:inst5|altsyncram:altsyncram_component|altsyncram_o9a1:auto_generated|ram_block1a4 ; |main|lpm_ram_dq0:inst5|altsyncram:altsyncram_component|altsyncram_o9a1:auto_generated|q_a[4] ; portadataout0    ;
; |main|lpm_ram_dq0:inst5|altsyncram:altsyncram_component|altsyncram_o9a1:auto_generated|ram_block1a5 ; |main|lpm_ram_dq0:inst5|altsyncram:altsyncram_component|altsyncram_o9a1:auto_generated|q_a[5] ; portadataout0    ;
; |main|lpm_ram_dq0:inst5|altsyncram:altsyncram_component|altsyncram_o9a1:auto_generated|ram_block1a6 ; |main|lpm_ram_dq0:inst5|altsyncram:altsyncram_component|altsyncram_o9a1:auto_generated|q_a[6] ; portadataout0    ;
; |main|lpm_ram_dq0:inst5|altsyncram:altsyncram_component|altsyncram_o9a1:auto_generated|ram_block1a7 ; |main|lpm_ram_dq0:inst5|altsyncram:altsyncram_component|altsyncram_o9a1:auto_generated|q_a[7] ; portadataout0    ;
; |main|lpm_bustri0:inst12|lpm_bustri:lpm_bustri_component|dout[3]                                    ; |main|lpm_bustri0:inst12|lpm_bustri:lpm_bustri_component|dout[3]                              ; out              ;
; |main|lpm_bustri0:inst11|lpm_bustri:lpm_bustri_component|dout[3]                                    ; |main|lpm_bustri0:inst11|lpm_bustri:lpm_bustri_component|dout[3]                              ; out              ;
; |main|lpm_rom0:inst|altsyncram:altsyncram_component|altsyncram_3751:auto_generated|ram_block1a4     ; |main|lpm_rom0:inst|altsyncram:altsyncram_component|altsyncram_3751:auto_generated|q_a[4]     ; portadataout0    ;
; |main|lpm_rom0:inst|altsyncram:altsyncram_component|altsyncram_3751:auto_generated|ram_block1a5     ; |main|lpm_rom0:inst|altsyncram:altsyncram_component|altsyncram_3751:auto_generated|q_a[5]     ; portadataout0    ;
; |main|lpm_rom0:inst|altsyncram:altsyncram_component|altsyncram_3751:auto_generated|ram_block1a6     ; |main|lpm_rom0:inst|altsyncram:altsyncram_component|altsyncram_3751:auto_generated|q_a[6]     ; portadataout0    ;
; |main|lpm_rom0:inst|altsyncram:altsyncram_component|altsyncram_3751:auto_generated|ram_block1a7     ; |main|lpm_rom0:inst|altsyncram:altsyncram_component|altsyncram_3751:auto_generated|q_a[7]     ; portadataout0    ;
; |main|lpm_bustri0:inst15|lpm_bustri:lpm_bustri_component|dout[3]                                    ; |main|lpm_bustri0:inst15|lpm_bustri:lpm_bustri_component|dout[3]                              ; out              ;
; |main|buffer:inst21|lpm_bustri0:inst8|lpm_bustri:lpm_bustri_component|dout[3]                       ; |main|buffer:inst21|lpm_bustri0:inst8|lpm_bustri:lpm_bustri_component|dout[3]                 ; out              ;
; |main|buffer:inst21|lpm_dff0:inst|lpm_ff:lpm_ff_component|dffs[3]                                   ; |main|buffer:inst21|lpm_dff0:inst|lpm_ff:lpm_ff_component|dffs[3]                             ; regout           ;
; |main|buffer:inst21|lpm_dff0:inst1|lpm_ff:lpm_ff_component|dffs[3]                                  ; |main|buffer:inst21|lpm_dff0:inst1|lpm_ff:lpm_ff_component|dffs[3]                            ; regout           ;
; |main|buffer:inst21|lpm_dff0:inst2|lpm_ff:lpm_ff_component|dffs[3]                                  ; |main|buffer:inst21|lpm_dff0:inst2|lpm_ff:lpm_ff_component|dffs[3]                            ; regout           ;
; |main|buffer:inst21|lpm_dff0:inst3|lpm_ff:lpm_ff_component|dffs[3]                                  ; |main|buffer:inst21|lpm_dff0:inst3|lpm_ff:lpm_ff_component|dffs[3]                            ; regout           ;
; |main|buffer:inst21|lpm_dff0:inst4|lpm_ff:lpm_ff_component|dffs[3]                                  ; |main|buffer:inst21|lpm_dff0:inst4|lpm_ff:lpm_ff_component|dffs[3]                            ; regout           ;
; |main|buffer:inst21|lpm_dff0:inst5|lpm_ff:lpm_ff_component|dffs[3]                                  ; |main|buffer:inst21|lpm_dff0:inst5|lpm_ff:lpm_ff_component|dffs[3]                            ; regout           ;
+-----------------------------------------------------------------------------------------------------+-----------------------------------------------------------------------------------------------+------------------+


+---------------------+
; Simulator INI Usage ;
+--------+------------+
; Option ; Usage      ;
+--------+------------+


+--------------------+
; Simulator Messages ;
+--------------------+
Info: *******************************************************************
Info: Running Quartus II Simulator
    Info: Version 9.1 Build 222 10/21/2009 SJ Web Edition
    Info: Processing started: Mon Oct 11 11:30:03 2021
Info: Command: quartus_sim --read_settings_files=on --write_settings_files=off lab3 -c lab3
Info: Using vector source file "D:/BSUIR/5_sem/SiFO/labs/Laba 3/Lab3/lab3.vwf"
Info: Option to preserve fewer signal transitions to reduce memory requirements is enabled
    Info: Simulation has been partitioned into sub-simulations according to the maximum transition count determined by the engine. Transitions from memory will be flushed out to disk at the end of each sub-simulation to reduce memory requirements.
Warning: Found clock-sensitive change during active clock edge at time 50.0 ns on register "|main|buffer:inst21|lpm_dff0:inst|lpm_ff:lpm_ff_component|dffs[7]"
Warning: Found clock-sensitive change during active clock edge at time 50.0 ns on register "|main|buffer:inst21|lpm_dff0:inst|lpm_ff:lpm_ff_component|dffs[6]"
Warning: Found clock-sensitive change during active clock edge at time 50.0 ns on register "|main|buffer:inst21|lpm_dff0:inst|lpm_ff:lpm_ff_component|dffs[5]"
Warning: Found clock-sensitive change during active clock edge at time 50.0 ns on register "|main|buffer:inst21|lpm_dff0:inst|lpm_ff:lpm_ff_component|dffs[4]"
Warning: Found clock-sensitive change during active clock edge at time 50.0 ns on register "|main|buffer:inst21|lpm_dff0:inst|lpm_ff:lpm_ff_component|dffs[3]"
Warning: Found clock-sensitive change during active clock edge at time 50.0 ns on register "|main|buffer:inst21|lpm_dff0:inst|lpm_ff:lpm_ff_component|dffs[2]"
Warning: Found clock-sensitive change during active clock edge at time 50.0 ns on register "|main|buffer:inst21|lpm_dff0:inst|lpm_ff:lpm_ff_component|dffs[1]"
Warning: Found clock-sensitive change during active clock edge at time 50.0 ns on register "|main|buffer:inst21|lpm_dff0:inst|lpm_ff:lpm_ff_component|dffs[0]"
Info: Simulation partitioned into 1 sub-simulations
Info: Simulation coverage is      41.88 %
Info: Number of transitions in simulation is 1473
Info: Quartus II Simulator was successful. 0 errors, 8 warnings
    Info: Peak virtual memory: 144 megabytes
    Info: Processing ended: Mon Oct 11 11:30:04 2021
    Info: Elapsed time: 00:00:01
    Info: Total CPU time (on all processors): 00:00:00


